<?xml version="1.0" encoding="UTF-8"?>
<testsuite xmlns:xsi="http://www.w3.org/2001/XMLSchema-instance" xsi:noNamespaceSchemaLocation="https://maven.apache.org/surefire/maven-surefire-plugin/xsd/surefire-test-report.xsd" version="3.0.2" name="com.tejait.batch15.controller.EmployeeControllerTests" time="2.448" tests="1" errors="0" skipped="0" failures="0">
  <properties>
[...]
</properties>
  <testcase name="givenId_whenFindById_getIdObject" classname="com.tejait.batch15.controller.EmployeeControllerTests" time="1.16">
    <system-out><![CDATA[2026-03-03T04:40:04.765+05:30  INFO 13504 --- [           main] t.c.s.AnnotationConfigContextLoaderUtils : Could not detect default configuration classes for test class [com.tejait.batch15.controller.EmployeeControllerTests]: EmployeeControllerTests does not declare any static, non-private, non-final, nested classes annotated with @Configuration.
2026-03-03T04:40:04.841+05:30  INFO 13504 --- [           main] .b.t.c.SpringBootTestContextBootstrapper : Found @SpringBootConfiguration com.tejait.batch15.Batch15Application for test class com.tejait.batch15.controller.EmployeeControllerTests
2026-03-03T04:40:04.859+05:30  INFO 13504 --- [           main] o.s.b.d.r.RestartApplicationListener     : Restart disabled due to context in which it is running
  _____     _         ___ _____      __   __                     _                    ____  _              _ 
 |_   _|__ (_) __ _  |_ _|_   _|     \ \ / /__  _   _ _ __      | | __ ___   ____ _  / ___|| |_ ___  _ __ | |
   | |/ _ \| |/ _` |  | |  | |_____   \ V / _ \| | | | '__|  _  | |/ _` \ \ / / _` | \___ \| __/ _ \| '_ \| |
   | |  __/| | (_| |  | |  | |_____|   | | (_) | |_| | |    | |_| | (_| |\ V / (_| |  ___) | || (_) | |_) |_|
   |_|\___|/ |\__,_| |___| |_|         |_|\___/ \__,_|_|     \___/ \__,_| \_/ \__,_| |____/ \__\___/| .__/(_)
         |__/                                                                                       |_|      
2026-03-03T04:40:04.927+05:30  INFO 13504 --- [           main] c.t.b.c.EmployeeControllerTests          : Starting EmployeeControllerTests using Java 21.0.9 with PID 13504 (started by Manognani in C:\Users\Manognani\IdeaProjects\Spring-Boot\batch15)
2026-03-03T04:40:04.927+05:30  INFO 13504 --- [           main] c.t.b.c.EmployeeControllerTests          : No active profile set, falling back to 1 default profile: "default"
2026-03-03T04:40:05.934+05:30  INFO 13504 --- [           main] o.s.b.t.m.w.SpringBootMockServletContext : Initializing Spring TestDispatcherServlet ''
2026-03-03T04:40:05.935+05:30  INFO 13504 --- [           main] o.s.t.web.servlet.TestDispatcherServlet  : Initializing Servlet ''
2026-03-03T04:40:05.952+05:30  INFO 13504 --- [           main] o.s.t.web.servlet.TestDispatcherServlet  : Completed initialization in 10 ms
2026-03-03T04:40:06.022+05:30  INFO 13504 --- [           main] c.t.b.c.EmployeeControllerTests          : Started EmployeeControllerTests in 1.165 seconds (process running for 21.899)
]]></system-out>
  </testcase>
</testsuite>