<?xml version="1.0" encoding="UTF-8"?>
<testsuite xmlns:xsi="http://www.w3.org/2001/XMLSchema-instance" xsi:noNamespaceSchemaLocation="https://maven.apache.org/surefire/maven-surefire-plugin/xsd/surefire-test-report.xsd" version="3.0.2" name="com.tejait.batch15.Batch15ApplicationTests" time="19.239" tests="1" errors="0" skipped="0" failures="0">
  <properties>
[...]
</properties>
  <testcase name="contextLoads" classname="com.tejait.batch15.Batch15ApplicationTests" time="1.134">
    <system-out><![CDATA[04:39:45.851 [main] INFO org.springframework.test.context.support.AnnotationConfigContextLoaderUtils -- Could not detect default configuration classes for test class [com.tejait.batch15.Batch15ApplicationTests]: Batch15ApplicationTests does not declare any static, non-private, non-final, nested classes annotated with @Configuration.
04:39:46.022 [main] INFO org.springframework.boot.test.context.SpringBootTestContextBootstrapper -- Found @SpringBootConfiguration com.tejait.batch15.Batch15Application for test class com.tejait.batch15.Batch15ApplicationTests
04:39:46.559 [main] INFO org.springframework.boot.devtools.restart.RestartApplicationListener -- Restart disabled due to context in which it is running
  _____     _         ___ _____      __   __                     _                    ____  _              _ 
 |_   _|__ (_) __ _  |_ _|_   _|     \ \ / /__  _   _ _ __      | | __ ___   ____ _  / ___|| |_ ___  _ __ | |
   | |/ _ \| |/ _` |  | |  | |_____   \ V / _ \| | | | '__|  _  | |/ _` \ \ / / _` | \___ \| __/ _ \| '_ \| |
   | |  __/| | (_| |  | |  | |_____|   | | (_) | |_| | |    | |_| | (_| |\ V / (_| |  ___) | || (_) | |_) |_|
   |_|\___|/ |\__,_| |___| |_|         |_|\___/ \__,_|_|     \___/ \__,_| \_/ \__,_| |____/ \__\___/| .__/(_)
         |__/                                                                                       |_|      
2026-03-03T04:39:47.187+05:30  INFO 13504 --- [           main] c.t.batch15.Batch15ApplicationTests      : Starting Batch15ApplicationTests using Java 21.0.9 with PID 13504 (started by Manognani in C:\Users\Manognani\IdeaProjects\Spring-Boot\batch15)
2026-03-03T04:39:47.199+05:30  INFO 13504 --- [           main] c.t.batch15.Batch15ApplicationTests      : No active profile set, falling back to 1 default profile: "default"
2026-03-03T04:39:50.055+05:30  INFO 13504 --- [           main] .s.d.r.c.RepositoryConfigurationDelegate : Bootstrapping Spring Data JPA repositories in DEFAULT mode.
2026-03-03T04:39:50.430+05:30  INFO 13504 --- [           main] .s.d.r.c.RepositoryConfigurationDelegate : Finished Spring Data repository scanning in 346 ms. Found 12 JPA repository interfaces.
2026-03-03T04:39:51.189+05:30  INFO 13504 --- [           main] o.s.cloud.context.scope.GenericScope     : BeanFactory id=d6ff2239-e55c-3fcd-a58b-d4cd4e88b9e4
2026-03-03T04:39:52.195+05:30  INFO 13504 --- [           main] org.hibernate.orm.jpa                    : HHH008540: Processing PersistenceUnitInfo [name: default]
2026-03-03T04:39:52.466+05:30  INFO 13504 --- [           main] org.hibernate.orm.core                   : HHH000001: Hibernate ORM core version 7.2.1.Final
2026-03-03T04:39:54.027+05:30  INFO 13504 --- [           main] o.s.o.j.p.SpringPersistenceUnitInfo      : No LoadTimeWeaver setup: ignoring JPA class transformer
2026-03-03T04:39:54.075+05:30  INFO 13504 --- [           main] com.zaxxer.hikari.HikariDataSource       : HikariPool-1 - Starting...
2026-03-03T04:39:54.285+05:30  INFO 13504 --- [           main] com.zaxxer.hikari.pool.HikariPool        : HikariPool-1 - Added connection com.mysql.cj.jdbc.ConnectionImpl@6ae6a77b
2026-03-03T04:39:54.287+05:30  INFO 13504 --- [           main] com.zaxxer.hikari.HikariDataSource       : HikariPool-1 - Start completed.
2026-03-03T04:39:54.379+05:30  WARN 13504 --- [           main] org.hibernate.orm.deprecation            : HHH90000025: MySQLDialect does not need to be specified explicitly using 'hibernate.dialect' (remove the property setting and it will be selected by default)
2026-03-03T04:39:54.412+05:30  INFO 13504 --- [           main] org.hibernate.orm.connections.pooling    : HHH10001005: Database info:
	Database JDBC URL [jdbc:mysql://localhost:3306/springbatch15?createDatabaseIfNotExist=true&useSSL=false&serverTimezone=UTC]
	Database driver: MySQL Connector/J
	Database dialect: MySQLDialect
	Database version: 8.0.45
	Default catalog/schema: springbatch15/undefined
	Autocommit mode: undefined/unknown
	Isolation level: REPEATABLE_READ [default REPEATABLE_READ]
	JDBC fetch size: none
	Pool: DataSourceConnectionProvider
	Minimum pool size: undefined/unknown
	Maximum pool size: undefined/unknown
2026-03-03T04:39:56.902+05:30  INFO 13504 --- [           main] org.hibernate.orm.core                   : HHH000489: No JTA platform available (set 'hibernate.transaction.jta.platform' to enable JTA platform integration)
Hibernate: create table sales_report (id integer not null auto_increment, balance_amount bigint, invoice_no varchar(255), order_no integer not null, paid_amount bigint, party_name varchar(255), party_phone_no bigint, total_amount bigint, primary key (id)) engine=InnoDB
2026-03-03T04:39:57.184+05:30  INFO 13504 --- [           main] j.LocalContainerEntityManagerFactoryBean : Initialized JPA EntityManagerFactory for persistence unit 'default'
2026-03-03T04:39:57.664+05:30  INFO 13504 --- [           main] o.s.d.j.r.query.QueryEnhancerFactories   : Hibernate is in classpath; If applicable, HQL parser will be used.
2026-03-03T04:40:00.500+05:30  WARN 13504 --- [           main] JpaBaseConfiguration$JpaWebConfiguration : spring.jpa.open-in-view is enabled by default. Therefore, database queries may be performed during view rendering. Explicitly configure spring.jpa.open-in-view to disable this warning
2026-03-03T04:40:03.200+05:30  INFO 13504 --- [           main] o.s.b.a.e.web.EndpointLinksResolver      : Exposing 1 endpoint beneath base path '/actuator'
2026-03-03T04:40:03.415+05:30  INFO 13504 --- [           main] c.t.batch15.Batch15ApplicationTests      : Started Batch15ApplicationTests in 16.871 seconds (process running for 19.289)
]]></system-out>
    <system-err><![CDATA[Mockito is currently self-attaching to enable the inline-mock-maker. This will no longer work in future releases of the JDK. Please add Mockito as an agent to your build as described in Mockito's documentation: https://javadoc.io/doc/org.mockito/mockito-core/latest/org.mockito/org/mockito/Mockito.html#0.3
WARNING: A Java agent has been loaded dynamically (C:\Users\Manognani\.m2\repository\net\bytebuddy\byte-buddy-agent\1.17.8\byte-buddy-agent-1.17.8.jar)
WARNING: If a serviceability tool is in use, please run with -XX:+EnableDynamicAgentLoading to hide this warning
WARNING: If a serviceability tool is not in use, please run with -Djdk.instrument.traceUsage for more information
WARNING: Dynamic loading of agents will be disallowed by default in a future release
]]></system-err>
  </testcase>
</testsuite>